# JRE version: OpenJDK Runtime Environment Temurin-21.0.9+10 (21.0.9+10) (build 21.0.9+10-LTS)
# Java VM: OpenJDK 64-Bit Server VM Temurin-21.0.9+10 (21.0.9+10-LTS, mixed mode, sharing, tiered, compressed oops, compressed class ptrs, g1 gc, windows-amd64)
GC Precious Log:
 CardTable entry size: 512
 Card Set container configuration: InlinePtr #cards 5 size 8 Array Of Cards #cards 12 size 40 Howl #buckets 4 coarsen threshold 1843 Howl Bitmap #cards 512 size 80 coarsen threshold 460 Card regions per heap region 1 cards per card region 2048
 CPUs: 4 total, 4 available
 Memory: 8081M
 Large Page Support: Disabled
 NUMA Support: Disabled
 Compressed Oops: Enabled (32-bit)
 Heap Region Size: 1M
 Heap Min Capacity: 8M
 Heap Initial Capacity: 128M
 Heap Max Capacity: 2G
 Pre-touch: Disabled
 Parallel Workers: 4
 Concurrent Workers: 1
 Concurrent Refinement Workers: 4
 Periodic GC: Disabled
Heap:
 garbage-first heap   total 374784K, used 235455K [0x0000000080000000, 0x0000000100000000)
  region size 1024K, 83 young (84992K), 23 survivors (23552K)
 Metaspace       used 177008K, committed 179904K, reserved 622592K
  class space    used 22368K, committed 23808K, reserved 425984K
GC Heap History (20 events):
Event: 215.399 GC heap before
{Heap before GC invocations=116 (full 0):
 garbage-first heap   total 336896K, used 329347K [0x0000000080000000, 0x0000000100000000)
  region size 1024K, 191 young (195584K), 3 survivors (3072K)
 Metaspace       used 151845K, committed 154496K, reserved 622592K
  class space    used 19472K, committed 20736K, reserved 425984K
}
Event: 215.417 GC heap after
{Heap after GC invocations=117 (full 0):
 garbage-first heap   total 338944K, used 137259K [0x0000000080000000, 0x0000000100000000)
  region size 1024K, 8 young (8192K), 8 survivors (8192K)
 Metaspace       used 151845K, committed 154496K, reserved 622592K
  class space    used 19472K, committed 20736K, reserved 425984K
}
Event: 239.218 GC heap before
{Heap before GC invocations=117 (full 0):
 garbage-first heap   total 338944K, used 318507K [0x0000000080000000, 0x0000000100000000)
  region size 1024K, 186 young (190464K), 8 survivors (8192K)
 Metaspace       used 161882K, committed 164672K, reserved 622592K
  class space    used 20906K, committed 22272K, reserved 425984K
}
Event: 239.242 GC heap after
{Heap after GC invocations=118 (full 0):
 garbage-first heap   total 338944K, used 142576K [0x0000000080000000, 0x0000000100000000)
  region size 1024K, 15 young (15360K), 15 survivors (15360K)
 Metaspace       used 161882K, committed 164672K, reserved 622592K
  class space    used 20906K, committed 22272K, reserved 425984K
}
Event: 239.612 GC heap before
{Heap before GC invocations=118 (full 0):
 garbage-first heap   total 338944K, used 162032K [0x0000000080000000, 0x0000000100000000)
  region size 1024K, 35 young (35840K), 15 survivors (15360K)
 Metaspace       used 161992K, committed 164800K, reserved 622592K
  class space    used 20906K, committed 22272K, reserved 425984K
}
Event: 239.639 GC heap after
{Heap after GC invocations=119 (full 0):
 garbage-first heap   total 338944K, used 146280K [0x0000000080000000, 0x0000000100000000)
  region size 1024K, 17 young (17408K), 17 survivors (17408K)
 Metaspace       used 161992K, committed 164800K, reserved 622592K
  class space    used 20906K, committed 22272K, reserved 425984K
}
Event: 248.945 GC heap before
{Heap before GC invocations=120 (full 0):
 garbage-first heap   total 338944K, used 321384K [0x0000000080000000, 0x0000000100000000)
  region size 1024K, 186 young (190464K), 17 survivors (17408K)
 Metaspace       used 166141K, committed 168960K, reserved 622592K
  class space    used 21276K, committed 22656K, reserved 425984K
}
Event: 248.971 GC heap after
{Heap after GC invocations=121 (full 0):
 garbage-first heap   total 340992K, used 147810K [0x0000000080000000, 0x0000000100000000)
  region size 1024K, 12 young (12288K), 12 survivors (12288K)
 Metaspace       used 166141K, committed 168960K, reserved 622592K
  class space    used 21276K, committed 22656K, reserved 425984K
}
Event: 254.729 GC heap before
{Heap before GC invocations=121 (full 0):
 garbage-first heap   total 340992K, used 322914K [0x0000000080000000, 0x0000000100000000)
  region size 1024K, 182 young (186368K), 12 survivors (12288K)
 Metaspace       used 167153K, committed 169920K, reserved 622592K
  class space    used 21282K, committed 22656K, reserved 425984K
}
Event: 254.743 GC heap after
{Heap after GC invocations=122 (full 0):
 garbage-first heap   total 340992K, used 144011K [0x0000000080000000, 0x0000000100000000)
  region size 1024K, 8 young (8192K), 8 survivors (8192K)
 Metaspace       used 167153K, committed 169920K, reserved 622592K
  class space    used 21282K, committed 22656K, reserved 425984K
}
Event: 256.523 GC heap before
{Heap before GC invocations=122 (full 0):
 garbage-first heap   total 340992K, used 170635K [0x0000000080000000, 0x0000000100000000)
  region size 1024K, 35 young (35840K), 8 survivors (8192K)
 Metaspace       used 167268K, committed 170048K, reserved 622592K
  class space    used 21292K, committed 22656K, reserved 425984K
}
Event: 256.546 GC heap after
{Heap after GC invocations=123 (full 0):
 garbage-first heap   total 340992K, used 147994K [0x0000000080000000, 0x0000000100000000)
  region size 1024K, 12 young (12288K), 12 survivors (12288K)
 Metaspace       used 167268K, committed 170048K, reserved 622592K
  class space    used 21292K, committed 22656K, reserved 425984K
}
Event: 263.561 GC heap before
{Heap before GC invocations=124 (full 0):
 garbage-first heap   total 340992K, used 323098K [0x0000000080000000, 0x0000000100000000)
  region size 1024K, 182 young (186368K), 12 survivors (12288K)
 Metaspace       used 167621K, committed 170432K, reserved 622592K
  class space    used 21297K, committed 22656K, reserved 425984K
}
Event: 263.586 GC heap after
{Heap after GC invocations=125 (full 0):
 garbage-first heap   total 342016K, used 153227K [0x0000000080000000, 0x0000000100000000)
  region size 1024K, 17 young (17408K), 17 survivors (17408K)
 Metaspace       used 167621K, committed 170432K, reserved 622592K
  class space    used 21297K, committed 22656K, reserved 425984K
}
Event: 269.152 GC heap before
{Heap before GC invocations=125 (full 0):
 garbage-first heap   total 342016K, used 321163K [0x0000000080000000, 0x0000000100000000)
  region size 1024K, 179 young (183296K), 17 survivors (17408K)
 Metaspace       used 168567K, committed 171392K, reserved 622592K
  class space    used 21311K, committed 22720K, reserved 425984K
}
Event: 269.187 GC heap after
{Heap after GC invocations=126 (full 0):
 garbage-first heap   total 342016K, used 148484K [0x0000000080000000, 0x0000000100000000)
  region size 1024K, 8 young (8192K), 8 survivors (8192K)
 Metaspace       used 168567K, committed 171392K, reserved 622592K
  class space    used 21311K, committed 22720K, reserved 425984K
}
Event: 277.844 GC heap before
{Heap before GC invocations=126 (full 0):
 garbage-first heap   total 342016K, used 307204K [0x0000000080000000, 0x0000000100000000)
  region size 1024K, 165 young (168960K), 8 survivors (8192K)
 Metaspace       used 174179K, committed 177024K, reserved 622592K
  class space    used 22026K, committed 23424K, reserved 425984K
}
Event: 277.858 GC heap after
{Heap after GC invocations=127 (full 0):
 garbage-first heap   total 342016K, used 140204K [0x0000000080000000, 0x0000000100000000)
  region size 1024K, 7 young (7168K), 7 survivors (7168K)
 Metaspace       used 174179K, committed 177024K, reserved 622592K
  class space    used 22026K, committed 23424K, reserved 425984K
}
Event: 283.697 GC heap before
{Heap before GC invocations=128 (full 0):
 garbage-first heap   total 342016K, used 339884K [0x0000000080000000, 0x0000000100000000)
  region size 1024K, 180 young (184320K), 7 survivors (7168K)
 Metaspace       used 174356K, committed 177216K, reserved 622592K
  class space    used 22026K, committed 23424K, reserved 425984K
}
Event: 283.757 GC heap after
{Heap after GC invocations=129 (full 0):
 garbage-first heap   total 374784K, used 175039K [0x0000000080000000, 0x0000000100000000)
  region size 1024K, 23 young (23552K), 23 survivors (23552K)
 Metaspace       used 174356K, committed 177216K, reserved 622592K
  class space    used 22026K, committed 23424K, reserved 425984K
}

