# JRE version: OpenJDK Runtime Environment Temurin-21.0.9+10 (21.0.9+10) (build 21.0.9+10-LTS)
# Java VM: OpenJDK 64-Bit Server VM Temurin-21.0.9+10 (21.0.9+10-LTS, mixed mode, sharing, tiered, compressed oops, compressed class ptrs, parallel gc, windows-amd64)
GC Precious Log:
 CardTable entry size: 512
 CPUs: 4 total, 4 available
 Memory: 8081M
 Large Page Support: Disabled
 NUMA Support: Disabled
 Compressed Oops: Enabled (32-bit)
 Alignments: Space 512K, Generation 512K, Heap 2M
 Heap Min Capacity: 100M
 Heap Initial Capacity: 100M
 Heap Max Capacity: 2G
 Pre-touch: Disabled
 Parallel Workers: 4
Heap:
 PSYoungGen      total 24064K, used 8164K [0x00000000d5580000, 0x00000000d7400000, 0x0000000100000000)
  eden space 22016K, 35% used [0x00000000d5580000,0x00000000d5d190e8,0x00000000d6b00000)
  from space 2048K, 18% used [0x00000000d7080000,0x00000000d70e0000,0x00000000d7280000)
  to   space 1024K, 0% used [0x00000000d7300000,0x00000000d7300000,0x00000000d7400000)
 ParOldGen       total 77824K, used 77693K [0x0000000080000000, 0x0000000084c00000, 0x00000000d5580000)
  object space 77824K, 99% used [0x0000000080000000,0x0000000084bdf500,0x0000000084c00000)
 Metaspace       used 87309K, committed 89152K, reserved 1179648K
  class space    used 11528K, committed 12352K, reserved 1048576K
GC Heap History (20 events):
Event: 1011.581 GC heap before
{Heap before GC invocations=75 (full 3):
 PSYoungGen      total 27648K, used 22848K [0x00000000d5580000, 0x00000000d7480000, 0x0000000100000000)
  eden space 22016K, 100% used [0x00000000d5580000,0x00000000d6b00000,0x00000000d6b00000)
  from space 5632K, 14% used [0x00000000d6b00000,0x00000000d6bd0020,0x00000000d7080000)
  to   space 2560K, 0% used [0x00000000d7200000,0x00000000d7200000,0x00000000d7480000)
 ParOldGen       total 68608K, used 60695K [0x0000000080000000, 0x0000000084300000, 0x00000000d5580000)
  object space 68608K, 88% used [0x0000000080000000,0x0000000083b45e20,0x0000000084300000)
 Metaspace       used 77328K, committed 78976K, reserved 1179648K
  class space    used 9921K, committed 10624K, reserved 1048576K
}
Event: 1011.584 GC heap after
{Heap after GC invocations=75 (full 3):
 PSYoungGen      total 23040K, used 592K [0x00000000d5580000, 0x00000000d7300000, 0x0000000100000000)
  eden space 22016K, 0% used [0x00000000d5580000,0x00000000d5580000,0x00000000d6b00000)
  from space 1024K, 57% used [0x00000000d7200000,0x00000000d7294010,0x00000000d7300000)
  to   space 1024K, 0% used [0x00000000d7100000,0x00000000d7100000,0x00000000d7200000)
 ParOldGen       total 68608K, used 61463K [0x0000000080000000, 0x0000000084300000, 0x00000000d5580000)
  object space 68608K, 89% used [0x0000000080000000,0x0000000083c05e50,0x0000000084300000)
 Metaspace       used 77328K, committed 78976K, reserved 1179648K
  class space    used 9921K, committed 10624K, reserved 1048576K
}
Event: 1020.391 GC heap before
{Heap before GC invocations=76 (full 3):
 PSYoungGen      total 23040K, used 22608K [0x00000000d5580000, 0x00000000d7300000, 0x0000000100000000)
  eden space 22016K, 100% used [0x00000000d5580000,0x00000000d6b00000,0x00000000d6b00000)
  from space 1024K, 57% used [0x00000000d7200000,0x00000000d7294010,0x00000000d7300000)
  to   space 1024K, 0% used [0x00000000d7100000,0x00000000d7100000,0x00000000d7200000)
 ParOldGen       total 68608K, used 61463K [0x0000000080000000, 0x0000000084300000, 0x00000000d5580000)
  object space 68608K, 89% used [0x0000000080000000,0x0000000083c05e50,0x0000000084300000)
 Metaspace       used 79220K, committed 80896K, reserved 1179648K
  class space    used 10239K, committed 10944K, reserved 1048576K
}
Event: 1020.396 GC heap after
{Heap after GC invocations=76 (full 3):
 PSYoungGen      total 23040K, used 854K [0x00000000d5580000, 0x00000000d7280000, 0x0000000100000000)
  eden space 22016K, 0% used [0x00000000d5580000,0x00000000d5580000,0x00000000d6b00000)
  from space 1024K, 83% used [0x00000000d7100000,0x00000000d71d5ae0,0x00000000d7200000)
  to   space 512K, 0% used [0x00000000d7200000,0x00000000d7200000,0x00000000d7280000)
 ParOldGen       total 68608K, used 61974K [0x0000000080000000, 0x0000000084300000, 0x00000000d5580000)
  object space 68608K, 90% used [0x0000000080000000,0x0000000083c85b60,0x0000000084300000)
 Metaspace       used 79220K, committed 80896K, reserved 1179648K
  class space    used 10239K, committed 10944K, reserved 1048576K
}
Event: 3330.817 GC heap before
{Heap before GC invocations=77 (full 3):
 PSYoungGen      total 23040K, used 22870K [0x00000000d5580000, 0x00000000d7280000, 0x0000000100000000)
  eden space 22016K, 100% used [0x00000000d5580000,0x00000000d6b00000,0x00000000d6b00000)
  from space 1024K, 83% used [0x00000000d7100000,0x00000000d71d5ae0,0x00000000d7200000)
  to   space 512K, 0% used [0x00000000d7200000,0x00000000d7200000,0x00000000d7280000)
 ParOldGen       total 68608K, used 61974K [0x0000000080000000, 0x0000000084300000, 0x00000000d5580000)
  object space 68608K, 90% used [0x0000000080000000,0x0000000083c85b60,0x0000000084300000)
 Metaspace       used 79709K, committed 81472K, reserved 1179648K
  class space    used 10267K, committed 11008K, reserved 1048576K
}
Event: 3331.038 GC heap after
{Heap after GC invocations=77 (full 3):
 PSYoungGen      total 22528K, used 445K [0x00000000d5580000, 0x00000000d7280000, 0x0000000100000000)
  eden space 22016K, 0% used [0x00000000d5580000,0x00000000d5580000,0x00000000d6b00000)
  from space 512K, 87% used [0x00000000d7200000,0x00000000d726f600,0x00000000d7280000)
  to   space 1024K, 0% used [0x00000000d7080000,0x00000000d7080000,0x00000000d7180000)
 ParOldGen       total 68608K, used 62510K [0x0000000080000000, 0x0000000084300000, 0x00000000d5580000)
  object space 68608K, 91% used [0x0000000080000000,0x0000000083d0bb60,0x0000000084300000)
 Metaspace       used 79709K, committed 81472K, reserved 1179648K
  class space    used 10267K, committed 11008K, reserved 1048576K
}
Event: 3356.150 GC heap before
{Heap before GC invocations=78 (full 3):
 PSYoungGen      total 22528K, used 22461K [0x00000000d5580000, 0x00000000d7280000, 0x0000000100000000)
  eden space 22016K, 100% used [0x00000000d5580000,0x00000000d6b00000,0x00000000d6b00000)
  from space 512K, 87% used [0x00000000d7200000,0x00000000d726f600,0x00000000d7280000)
  to   space 1024K, 0% used [0x00000000d7080000,0x00000000d7080000,0x00000000d7180000)
 ParOldGen       total 68608K, used 62510K [0x0000000080000000, 0x0000000084300000, 0x00000000d5580000)
  object space 68608K, 91% used [0x0000000080000000,0x0000000083d0bb60,0x0000000084300000)
 Metaspace       used 80371K, committed 82112K, reserved 1179648K
  class space    used 10364K, committed 11136K, reserved 1048576K
}
Event: 3356.163 GC heap after
{Heap after GC invocations=78 (full 3):
 PSYoungGen      total 23040K, used 1011K [0x00000000d5580000, 0x00000000d7f00000, 0x0000000100000000)
  eden space 22016K, 0% used [0x00000000d5580000,0x00000000d5580000,0x00000000d6b00000)
  from space 1024K, 98% used [0x00000000d7080000,0x00000000d717cd38,0x00000000d7180000)
  to   space 10240K, 0% used [0x00000000d7500000,0x00000000d7500000,0x00000000d7f00000)
 ParOldGen       total 70656K, used 70289K [0x0000000080000000, 0x0000000084500000, 0x00000000d5580000)
  object space 70656K, 99% used [0x0000000080000000,0x00000000844a44a0,0x0000000084500000)
 Metaspace       used 80371K, committed 82112K, reserved 1179648K
  class space    used 10364K, committed 11136K, reserved 1048576K
}
Event: 3357.497 GC heap before
{Heap before GC invocations=79 (full 3):
 PSYoungGen      total 23040K, used 23027K [0x00000000d5580000, 0x00000000d7f00000, 0x0000000100000000)
  eden space 22016K, 100% used [0x00000000d5580000,0x00000000d6b00000,0x00000000d6b00000)
  from space 1024K, 98% used [0x00000000d7080000,0x00000000d717cd38,0x00000000d7180000)
  to   space 10240K, 0% used [0x00000000d7500000,0x00000000d7500000,0x00000000d7f00000)
 ParOldGen       total 70656K, used 70289K [0x0000000080000000, 0x0000000084500000, 0x00000000d5580000)
  object space 70656K, 99% used [0x0000000080000000,0x00000000844a44a0,0x0000000084500000)
 Metaspace       used 81688K, committed 83392K, reserved 1179648K
  class space    used 10598K, committed 11328K, reserved 1048576K
}
Event: 3357.501 GC heap after
{Heap after GC invocations=79 (full 3):
 PSYoungGen      total 23040K, used 736K [0x00000000d5580000, 0x00000000d7600000, 0x0000000100000000)
  eden space 22016K, 0% used [0x00000000d5580000,0x00000000d5580000,0x00000000d6b00000)
  from space 1024K, 71% used [0x00000000d7500000,0x00000000d75b8000,0x00000000d7600000)
  to   space 4096K, 0% used [0x00000000d6e00000,0x00000000d6e00000,0x00000000d7200000)
 ParOldGen       total 71680K, used 71287K [0x0000000080000000, 0x0000000084600000, 0x00000000d5580000)
  object space 71680K, 99% used [0x0000000080000000,0x000000008459de10,0x0000000084600000)
 Metaspace       used 81688K, committed 83392K, reserved 1179648K
  class space    used 10598K, committed 11328K, reserved 1048576K
}
Event: 3360.162 GC heap before
{Heap before GC invocations=80 (full 3):
 PSYoungGen      total 23040K, used 22752K [0x00000000d5580000, 0x00000000d7600000, 0x0000000100000000)
  eden space 22016K, 100% used [0x00000000d5580000,0x00000000d6b00000,0x00000000d6b00000)
  from space 1024K, 71% used [0x00000000d7500000,0x00000000d75b8000,0x00000000d7600000)
  to   space 4096K, 0% used [0x00000000d6e00000,0x00000000d6e00000,0x00000000d7200000)
 ParOldGen       total 71680K, used 71287K [0x0000000080000000, 0x0000000084600000, 0x00000000d5580000)
  object space 71680K, 99% used [0x0000000080000000,0x000000008459de10,0x0000000084600000)
 Metaspace       used 81709K, committed 83392K, reserved 1179648K
  class space    used 10598K, committed 11328K, reserved 1048576K
}
Event: 3360.169 GC heap after
{Heap after GC invocations=80 (full 3):
 PSYoungGen      total 26112K, used 544K [0x00000000d5580000, 0x00000000d7580000, 0x0000000100000000)
  eden space 22016K, 0% used [0x00000000d5580000,0x00000000d5580000,0x00000000d6b00000)
  from space 4096K, 13% used [0x00000000d6e00000,0x00000000d6e88000,0x00000000d7200000)
  to   space 1536K, 0% used [0x00000000d7400000,0x00000000d7400000,0x00000000d7580000)
 ParOldGen       total 72192K, used 71964K [0x0000000080000000, 0x0000000084680000, 0x00000000d5580000)
  object space 72192K, 99% used [0x0000000080000000,0x00000000846471c0,0x0000000084680000)
 Metaspace       used 81709K, committed 83392K, reserved 1179648K
  class space    used 10598K, committed 11328K, reserved 1048576K
}
Event: 3368.670 GC heap before
{Heap before GC invocations=81 (full 3):
 PSYoungGen      total 26112K, used 22560K [0x00000000d5580000, 0x00000000d7580000, 0x0000000100000000)
  eden space 22016K, 100% used [0x00000000d5580000,0x00000000d6b00000,0x00000000d6b00000)
  from space 4096K, 13% used [0x00000000d6e00000,0x00000000d6e88000,0x00000000d7200000)
  to   space 1536K, 0% used [0x00000000d7400000,0x00000000d7400000,0x00000000d7580000)
 ParOldGen       total 72192K, used 71964K [0x0000000080000000, 0x0000000084680000, 0x00000000d5580000)
  object space 72192K, 99% used [0x0000000080000000,0x00000000846471c0,0x0000000084680000)
 Metaspace       used 81717K, committed 83392K, reserved 1179648K
  class space    used 10598K, committed 11328K, reserved 1048576K
}
Event: 3368.673 GC heap after
{Heap after GC invocations=81 (full 3):
 PSYoungGen      total 23552K, used 1533K [0x00000000d5580000, 0x00000000d7580000, 0x0000000100000000)
  eden space 22016K, 0% used [0x00000000d5580000,0x00000000d5580000,0x00000000d6b00000)
  from space 1536K, 99% used [0x00000000d7400000,0x00000000d757f460,0x00000000d7580000)
  to   space 2048K, 0% used [0x00000000d7180000,0x00000000d7180000,0x00000000d7380000)
 ParOldGen       total 73216K, used 73042K [0x0000000080000000, 0x0000000084780000, 0x00000000d5580000)
  object space 73216K, 99% used [0x0000000080000000,0x00000000847549f0,0x0000000084780000)
 Metaspace       used 81717K, committed 83392K, reserved 1179648K
  class space    used 10598K, committed 11328K, reserved 1048576K
}
Event: 3371.580 GC heap before
{Heap before GC invocations=82 (full 3):
 PSYoungGen      total 23552K, used 23549K [0x00000000d5580000, 0x00000000d7580000, 0x0000000100000000)
  eden space 22016K, 100% used [0x00000000d5580000,0x00000000d6b00000,0x00000000d6b00000)
  from space 1536K, 99% used [0x00000000d7400000,0x00000000d757f460,0x00000000d7580000)
  to   space 2048K, 0% used [0x00000000d7180000,0x00000000d7180000,0x00000000d7380000)
 ParOldGen       total 73216K, used 73042K [0x0000000080000000, 0x0000000084780000, 0x00000000d5580000)
  object space 73216K, 99% used [0x0000000080000000,0x00000000847549f0,0x0000000084780000)
 Metaspace       used 82625K, committed 84416K, reserved 1179648K
  class space    used 10786K, committed 11520K, reserved 1048576K
}
Event: 3371.590 GC heap after
{Heap after GC invocations=82 (full 3):
 PSYoungGen      total 24064K, used 2046K [0x00000000d5580000, 0x00000000d7480000, 0x0000000100000000)
  eden space 22016K, 0% used [0x00000000d5580000,0x00000000d5580000,0x00000000d6b00000)
  from space 2048K, 99% used [0x00000000d7180000,0x00000000d737f800,0x00000000d7380000)
  to   space 1024K, 0% used [0x00000000d7380000,0x00000000d7380000,0x00000000d7480000)
 ParOldGen       total 75264K, used 75118K [0x0000000080000000, 0x0000000084980000, 0x00000000d5580000)
  object space 75264K, 99% used [0x0000000080000000,0x000000008495bac8,0x0000000084980000)
 Metaspace       used 82625K, committed 84416K, reserved 1179648K
  class space    used 10786K, committed 11520K, reserved 1048576K
}
Event: 3372.098 GC heap before
{Heap before GC invocations=83 (full 3):
 PSYoungGen      total 24064K, used 24062K [0x00000000d5580000, 0x00000000d7480000, 0x0000000100000000)
  eden space 22016K, 100% used [0x00000000d5580000,0x00000000d6b00000,0x00000000d6b00000)
  from space 2048K, 99% used [0x00000000d7180000,0x00000000d737f800,0x00000000d7380000)
  to   space 1024K, 0% used [0x00000000d7380000,0x00000000d7380000,0x00000000d7480000)
 ParOldGen       total 75264K, used 75118K [0x0000000080000000, 0x0000000084980000, 0x00000000d5580000)
  object space 75264K, 99% used [0x0000000080000000,0x000000008495bac8,0x0000000084980000)
 Metaspace       used 85050K, committed 86912K, reserved 1179648K
  class space    used 11199K, committed 11968K, reserved 1048576K
}
Event: 3372.103 GC heap after
{Heap after GC invocations=83 (full 3):
 PSYoungGen      total 23040K, used 608K [0x00000000d5580000, 0x00000000d7480000, 0x0000000100000000)
  eden space 22016K, 0% used [0x00000000d5580000,0x00000000d5580000,0x00000000d6b00000)
  from space 1024K, 59% used [0x00000000d7380000,0x00000000d7418000,0x00000000d7480000)
  to   space 2048K, 0% used [0x00000000d7080000,0x00000000d7080000,0x00000000d7280000)
 ParOldGen       total 77312K, used 77157K [0x0000000080000000, 0x0000000084b80000, 0x00000000d5580000)
  object space 77312K, 99% used [0x0000000080000000,0x0000000084b597f0,0x0000000084b80000)
 Metaspace       used 85050K, committed 86912K, reserved 1179648K
  class space    used 11199K, committed 11968K, reserved 1048576K
}
Event: 3385.359 GC heap before
{Heap before GC invocations=84 (full 3):
 PSYoungGen      total 23040K, used 22599K [0x00000000d5580000, 0x00000000d7480000, 0x0000000100000000)
  eden space 22016K, 99% used [0x00000000d5580000,0x00000000d6af9f58,0x00000000d6b00000)
  from space 1024K, 59% used [0x00000000d7380000,0x00000000d7418000,0x00000000d7480000)
  to   space 2048K, 0% used [0x00000000d7080000,0x00000000d7080000,0x00000000d7280000)
 ParOldGen       total 77312K, used 77157K [0x0000000080000000, 0x0000000084b80000, 0x00000000d5580000)
  object space 77312K, 99% used [0x0000000080000000,0x0000000084b597f0,0x0000000084b80000)
 Metaspace       used 86952K, committed 88832K, reserved 1179648K
  class space    used 11488K, committed 12288K, reserved 1048576K
}
Event: 3385.363 GC heap after
{Heap after GC invocations=84 (full 3):
 PSYoungGen      total 24064K, used 384K [0x00000000d5580000, 0x00000000d7400000, 0x0000000100000000)
  eden space 22016K, 0% used [0x00000000d5580000,0x00000000d5580000,0x00000000d6b00000)
  from space 2048K, 18% used [0x00000000d7080000,0x00000000d70e0000,0x00000000d7280000)
  to   space 1024K, 0% used [0x00000000d7300000,0x00000000d7300000,0x00000000d7400000)
 ParOldGen       total 77824K, used 77693K [0x0000000080000000, 0x0000000084c00000, 0x00000000d5580000)
  object space 77824K, 99% used [0x0000000080000000,0x0000000084bdf500,0x0000000084c00000)
 Metaspace       used 86952K, committed 88832K, reserved 1179648K
  class space    used 11488K, committed 12288K, reserved 1048576K
}

